Argentina  
Chile  
Argentina  
Chile  
Argentina  
Portugal  
Chile  
Argentina  
Portugal  
Espanha  
O número de elementos são 4.
<models.Node.Node object at 0x0000022417BEE3B0>
Chile  
Argentina  
Portugal  
Espanha  
Franca  
<models.Node.Node object at 0x0000022417BEE3B0>
Chile  
Argentina  
Portugal  
Italia  
Espanha  
Franca  
China  
Chile  
Argentina  
Portugal  
Italia  
Espanha  
Franca  
China  
Japao  
Chile  
Argentina  
Portugal  
Italia  
Espanha  
Franca  
China  
Japao  
Angola  
Chile  
Argentina  
Portugal  
Italia  
Espanha  
Franca  
O número de elementos são 9.
Item found
O pais Portugal encontra-se na lista.
item not found
O país Alemanha não se encontra na lista.
O país China foi eliminado da lista.
O número de elementos são 8.
O país Franca foi eliminado da lista.
O número de elementos são 7.
Item found
O país Chile foi eliminado da lista.
O número de elementos são 6.
